<?xml version="1.0" encoding="UTF-8"?>
<!-- Generated by org.testng.reporters.JUnitXMLReporter -->
<testsuite ignored="0" hostname="Kundan" failures="0" tests="3" name="Test" time="16.354" errors="0" timestamp="2025-06-27T20:52:11 IST">
  <testcase classname="tutorialsninja.register.TC_RF_005" name="verifyRegisteringAccountBySubscribingToNewsletter" time="6.671"/>
  <testcase classname="tutorialsninja.register.TC_RF_004" name="verifyRegistringAccountWithoutFillFields" time="3.838"/>
  <testcase classname="tutorialsninja.register.TC_RF_001" name="verifyRegisteringWithMandatoryFields" time="5.788"/>
</testsuite> <!-- Test -->
