<?xml version="1.0" encoding="UTF-8"?>
<testng-results ignored="0" total="3" passed="3" failed="0" skipped="0">
  <reporter-output>
  </reporter-output>
  <suite started-at="2025-06-27T20:51:55 IST" name="Suite" finished-at="2025-06-27T20:52:11 IST" duration-ms="16354">
    <groups>
    </groups>
    <test started-at="2025-06-27T20:51:55 IST" name="Test" finished-at="2025-06-27T20:52:11 IST" duration-ms="16354">
      <class name="tutorialsninja.register.TC_RF_001">
        <test-method signature="verifyRegisteringWithMandatoryFields()[pri:0, instance:tutorialsninja.register.TC_RF_001@466276d8]" started-at="2025-06-27T20:52:05 IST" name="verifyRegisteringWithMandatoryFields" finished-at="2025-06-27T20:52:11 IST" duration-ms="5788" status="PASS">
          <reporter-output>
          </reporter-output>
        </test-method> <!-- verifyRegisteringWithMandatoryFields -->
      </class> <!-- tutorialsninja.register.TC_RF_001 -->
      <class name="tutorialsninja.register.TC_RF_004">
        <test-method signature="verifyRegistringAccountWithoutFillFields()[pri:0, instance:tutorialsninja.register.TC_RF_004@528c868]" started-at="2025-06-27T20:52:02 IST" name="verifyRegistringAccountWithoutFillFields" finished-at="2025-06-27T20:52:05 IST" duration-ms="3838" status="PASS">
          <reporter-output>
          </reporter-output>
        </test-method> <!-- verifyRegistringAccountWithoutFillFields -->
      </class> <!-- tutorialsninja.register.TC_RF_004 -->
      <class name="tutorialsninja.register.TC_RF_005">
        <test-method signature="verifyRegisteringAccountBySubscribingToNewsletter()[pri:0, instance:tutorialsninja.register.TC_RF_005@2bd08376]" started-at="2025-06-27T20:51:55 IST" name="verifyRegisteringAccountBySubscribingToNewsletter" finished-at="2025-06-27T20:52:02 IST" duration-ms="6671" status="PASS">
          <reporter-output>
          </reporter-output>
        </test-method> <!-- verifyRegisteringAccountBySubscribingToNewsletter -->
      </class> <!-- tutorialsninja.register.TC_RF_005 -->
    </test> <!-- Test -->
  </suite> <!-- Suite -->
</testng-results>
